
------Start------

  时间：2017-01-16 14:53:23,637   线程ID:[6]   日志级别：INFO   
  [2017-01-16 14:53:23]System.DivideByZeroException: 尝试除以零。
   在 DoubleX.Applaction.Apisite.Controllers.HomeController.ErrorTest() 位置 e:\Project\API站点\source\DoubleX\Applaction\DoubleX.Applaction.Apisite\Controllers\HomeController.cs:行号 27
   在 lambda_method(Closure , ControllerBase , Object[] )
   在 System.Web.Mvc.ActionMethodDispatcher.Execute(ControllerBase controller, Object[] parameters)
   在 System.Web.Mvc.ReflectedActionDescriptor.Execute(ControllerContext controllerContext, IDictionary`2 parameters)
   在 System.Web.Mvc.ControllerActionInvoker.InvokeActionMethod(ControllerContext controllerContext, ActionDescriptor actionDescriptor, IDictionary`2 parameters)
   在 System.Web.Mvc.Async.AsyncControllerActionInvoker.<BeginInvokeSynchronousActionMethod>b__39(IAsyncResult asyncResult, ActionInvocation innerInvokeState)
   在 System.Web.Mvc.Async.AsyncResultWrapper.WrappedAsyncResult`2.CallEndDelegate(IAsyncResult asyncResult)
   在 System.Web.Mvc.Async.AsyncResultWrapper.WrappedAsyncResultBase`1.End()
   在 System.Web.Mvc.Async.AsyncControllerActionInvoker.EndInvokeActionMethod(IAsyncResult asyncResult)
   在 System.Web.Mvc.Async.AsyncControllerActionInvoker.AsyncInvocationWithFilters.<InvokeActionMethodFilterAsynchronouslyRecursive>b__3d()
   在 System.Web.Mvc.Async.AsyncControllerActionInvoker.AsyncInvocationWithFilters.<>c__DisplayClass46.<InvokeActionMethodFilterAsynchronouslyRecursive>b__3f()
   在 System.Web.Mvc.Async.AsyncControllerActionInvoker.AsyncInvocationWithFilters.<>c__DisplayClass46.<InvokeActionMethodFilterAsynchronouslyRecursive>b__3f()
   在 System.Web.Mvc.Async.AsyncControllerActionInvoker.<>c__DisplayClass33.<BeginInvokeActionMethodWithFilters>b__32(IAsyncResult asyncResult)
   在 System.Web.Mvc.Async.AsyncResultWrapper.WrappedAsyncResult`1.CallEndDelegate(IAsyncResult asyncResult)
   在 System.Web.Mvc.Async.AsyncResultWrapper.WrappedAsyncResultBase`1.End()
   在 System.Web.Mvc.Async.AsyncControllerActionInvoker.EndInvokeActionMethodWithFilters(IAsyncResult asyncResult)
   在 System.Web.Mvc.Async.AsyncControllerActionInvoker.<>c__DisplayClass21.<>c__DisplayClass2b.<BeginInvokeAction>b__1c()
   在 System.Web.Mvc.Async.AsyncControllerActionInvoker.<>c__DisplayClass21.<BeginInvokeAction>b__1e(IAsyncResult asyncResult)  
 
-------End-------

------Start------

  时间：2017-01-16 14:54:26,624   线程ID:[8]   日志级别：INFO   
  [2017-01-16 14:54:26]System.DivideByZeroException: 尝试除以零。
   在 DoubleX.Applaction.Apisite.Controllers.HomeController.ErrorTest() 位置 e:\Project\API站点\source\DoubleX\Applaction\DoubleX.Applaction.Apisite\Controllers\HomeController.cs:行号 27
   在 lambda_method(Closure , ControllerBase , Object[] )
   在 System.Web.Mvc.ActionMethodDispatcher.Execute(ControllerBase controller, Object[] parameters)
   在 System.Web.Mvc.ReflectedActionDescriptor.Execute(ControllerContext controllerContext, IDictionary`2 parameters)
   在 System.Web.Mvc.ControllerActionInvoker.InvokeActionMethod(ControllerContext controllerContext, ActionDescriptor actionDescriptor, IDictionary`2 parameters)
   在 System.Web.Mvc.Async.AsyncControllerActionInvoker.ActionInvocation.InvokeSynchronousActionMethod()
   在 System.Web.Mvc.Async.AsyncControllerActionInvoker.<BeginInvokeSynchronousActionMethod>b__39(IAsyncResult asyncResult, ActionInvocation innerInvokeState)
   在 System.Web.Mvc.Async.AsyncResultWrapper.WrappedAsyncResult`2.CallEndDelegate(IAsyncResult asyncResult)
   在 System.Web.Mvc.Async.AsyncResultWrapper.WrappedAsyncResultBase`1.End()
   在 System.Web.Mvc.Async.AsyncResultWrapper.End[TResult](IAsyncResult asyncResult, Object tag)
   在 System.Web.Mvc.Async.AsyncControllerActionInvoker.EndInvokeActionMethod(IAsyncResult asyncResult)
   在 System.Web.Mvc.Async.AsyncControllerActionInvoker.AsyncInvocationWithFilters.<InvokeActionMethodFilterAsynchronouslyRecursive>b__3d()
   在 System.Web.Mvc.Async.AsyncControllerActionInvoker.AsyncInvocationWithFilters.<>c__DisplayClass46.<InvokeActionMethodFilterAsynchronouslyRecursive>b__3f()
   在 System.Web.Mvc.Async.AsyncControllerActionInvoker.AsyncInvocationWithFilters.<>c__DisplayClass46.<InvokeActionMethodFilterAsynchronouslyRecursive>b__3f()
   在 System.Web.Mvc.Async.AsyncControllerActionInvoker.<>c__DisplayClass33.<BeginInvokeActionMethodWithFilters>b__32(IAsyncResult asyncResult)
   在 System.Web.Mvc.Async.AsyncResultWrapper.WrappedAsyncResult`1.CallEndDelegate(IAsyncResult asyncResult)
   在 System.Web.Mvc.Async.AsyncResultWrapper.WrappedAsyncResultBase`1.End()
   在 System.Web.Mvc.Async.AsyncResultWrapper.End[TResult](IAsyncResult asyncResult, Object tag)
   在 System.Web.Mvc.Async.AsyncControllerActionInvoker.EndInvokeActionMethodWithFilters(IAsyncResult asyncResult)
   在 System.Web.Mvc.Async.AsyncControllerActionInvoker.<>c__DisplayClass21.<>c__DisplayClass2b.<BeginInvokeAction>b__1c()
   在 System.Web.Mvc.Async.AsyncControllerActionInvoker.<>c__DisplayClass21.<BeginInvokeAction>b__1e(IAsyncResult asyncResult)  
 
-------End-------

------Start------

  时间：2017-01-16 14:57:25,456   线程ID:[7]   日志级别：INFO   
  [2017-01-16 14:57:25]System.DivideByZeroException: 尝试除以零。
   在 DoubleX.Applaction.Apisite.Controllers.HomeController.ErrorTest() 位置 e:\Project\API站点\source\DoubleX\Applaction\DoubleX.Applaction.Apisite\Controllers\HomeController.cs:行号 27
   在 lambda_method(Closure , ControllerBase , Object[] )
   在 System.Web.Mvc.ActionMethodDispatcher.Execute(ControllerBase controller, Object[] parameters)
   在 System.Web.Mvc.ReflectedActionDescriptor.Execute(ControllerContext controllerContext, IDictionary`2 parameters)
   在 System.Web.Mvc.ControllerActionInvoker.InvokeActionMethod(ControllerContext controllerContext, ActionDescriptor actionDescriptor, IDictionary`2 parameters)
   在 System.Web.Mvc.Async.AsyncControllerActionInvoker.ActionInvocation.InvokeSynchronousActionMethod()
   在 System.Web.Mvc.Async.AsyncControllerActionInvoker.<BeginInvokeSynchronousActionMethod>b__39(IAsyncResult asyncResult, ActionInvocation innerInvokeState)
   在 System.Web.Mvc.Async.AsyncResultWrapper.WrappedAsyncResult`2.CallEndDelegate(IAsyncResult asyncResult)
   在 System.Web.Mvc.Async.AsyncResultWrapper.WrappedAsyncResultBase`1.End()
   在 System.Web.Mvc.Async.AsyncResultWrapper.End[TResult](IAsyncResult asyncResult, Object tag)
   在 System.Web.Mvc.Async.AsyncControllerActionInvoker.EndInvokeActionMethod(IAsyncResult asyncResult)
   在 System.Web.Mvc.Async.AsyncControllerActionInvoker.AsyncInvocationWithFilters.<InvokeActionMethodFilterAsynchronouslyRecursive>b__3d()
   在 System.Web.Mvc.Async.AsyncControllerActionInvoker.AsyncInvocationWithFilters.<>c__DisplayClass46.<InvokeActionMethodFilterAsynchronouslyRecursive>b__3f()
   在 System.Web.Mvc.Async.AsyncControllerActionInvoker.AsyncInvocationWithFilters.<>c__DisplayClass46.<InvokeActionMethodFilterAsynchronouslyRecursive>b__3f()
   在 System.Web.Mvc.Async.AsyncControllerActionInvoker.<>c__DisplayClass33.<BeginInvokeActionMethodWithFilters>b__32(IAsyncResult asyncResult)
   在 System.Web.Mvc.Async.AsyncResultWrapper.WrappedAsyncResult`1.CallEndDelegate(IAsyncResult asyncResult)
   在 System.Web.Mvc.Async.AsyncResultWrapper.WrappedAsyncResultBase`1.End()
   在 System.Web.Mvc.Async.AsyncResultWrapper.End[TResult](IAsyncResult asyncResult, Object tag)
   在 System.Web.Mvc.Async.AsyncControllerActionInvoker.EndInvokeActionMethodWithFilters(IAsyncResult asyncResult)
   在 System.Web.Mvc.Async.AsyncControllerActionInvoker.<>c__DisplayClass21.<>c__DisplayClass2b.<BeginInvokeAction>b__1c()
   在 System.Web.Mvc.Async.AsyncControllerActionInvoker.<>c__DisplayClass21.<BeginInvokeAction>b__1e(IAsyncResult asyncResult)  
 
-------End-------

------Start------

  时间：2017-01-16 17:11:14,648   线程ID:[5]   日志级别：INFO   
  [2017-01-16 17:11:14]System.IO.FileNotFoundException: 未能加载文件或程序集“DoubleX.Applaction.IMS”或它的某一个依赖项。系统找不到指定的文件。
文件名:“DoubleX.Applaction.IMS”
   在 System.Reflection.RuntimeAssembly._nLoad(AssemblyName fileName, String codeBase, Evidence assemblySecurity, RuntimeAssembly locationHint, StackCrawlMark& stackMark, IntPtr pPrivHostBinder, Boolean throwOnFileNotFound, Boolean forIntrospection, Boolean suppressSecurityChecks)
   在 System.Reflection.RuntimeAssembly.nLoad(AssemblyName fileName, String codeBase, Evidence assemblySecurity, RuntimeAssembly locationHint, StackCrawlMark& stackMark, IntPtr pPrivHostBinder, Boolean throwOnFileNotFound, Boolean forIntrospection, Boolean suppressSecurityChecks)
   在 System.Reflection.RuntimeAssembly.InternalLoadAssemblyName(AssemblyName assemblyRef, Evidence assemblySecurity, RuntimeAssembly reqAssembly, StackCrawlMark& stackMark, IntPtr pPrivHostBinder, Boolean throwOnFileNotFound, Boolean forIntrospection, Boolean suppressSecurityChecks)
   在 System.Reflection.RuntimeAssembly.InternalLoad(String assemblyString, Evidence assemblySecurity, StackCrawlMark& stackMark, IntPtr pPrivHostBinder, Boolean forIntrospection)
   在 System.Reflection.RuntimeAssembly.InternalLoad(String assemblyString, Evidence assemblySecurity, StackCrawlMark& stackMark, Boolean forIntrospection)
   在 System.Reflection.Assembly.Load(String assemblyString)
   在 DoubleX.Infrastructure.Utility.DllHelper.GetVersion(String assemblyName) 位置 e:\Project\API站点\source\DoubleX\Infrastructure\DoubleX.Infrastructure.Utility\File\DllHelper.cs:行号 22
   在 DoubleX.Framework.Web.Helper.DoubleXHelper.get_VersionNo() 位置 e:\Project\API站点\source\DoubleX\Framework\DoubleX.Framework.Web\Helper\DoubleXHelper.cs:行号 27
   在 DoubleX.Framework.Web.Helper.WebHelper.GetVersionUrl(String url) 位置 e:\Project\API站点\source\DoubleX\Framework\DoubleX.Framework.Web\Helper\WebHelper.cs:行号 48
   在 ASP._Page_Areas_Manage_Views_Shared__Layout_cshtml.Execute() 位置 e:\Project\API站点\source\DoubleX\Applaction\DoubleX.Applaction.Apisite\Areas\Manage\Views\Shared\_Layout.cshtml:行号 8
   在 System.Web.WebPages.WebPageBase.ExecutePageHierarchy()
   在 System.Web.Mvc.WebViewPage.ExecutePageHierarchy()
   在 System.Web.WebPages.WebPageBase.ExecutePageHierarchy(WebPageContext pageContext, TextWriter writer, WebPageRenderingBase startPage)
   在 System.Web.WebPages.WebPageBase.ExecutePageHierarchy(WebPageContext pageContext, TextWriter writer)
   在 System.Web.WebPages.WebPageBase.<>c__DisplayClass3.<RenderPageCore>b__2(TextWriter writer)
   在 System.Web.WebPages.HelperResult.WriteTo(TextWriter writer)
   在 System.Web.WebPages.WebPageExecutingBase.WriteTo(TextWriter writer, HelperResult content)
   在 System.Web.WebPages.WebPageBase.Write(HelperResult result)
   在 System.Web.WebPages.WebPageBase.RenderSurrounding(String partialViewName, Action`1 body)
   在 System.Web.WebPages.WebPageBase.PopContext()
   在 System.Web.WebPages.WebPageBase.ExecutePageHierarchy(WebPageContext pageContext, TextWriter writer, WebPageRenderingBase startPage)
   在 System.Web.Mvc.RazorView.RenderView(ViewContext viewContext, TextWriter writer, Object instance)
   在 System.Web.Mvc.BuildManagerCompiledView.Render(ViewContext viewContext, TextWriter writer)
   在 System.Web.Mvc.ViewResultBase.ExecuteResult(ControllerContext context)
   在 System.Web.Mvc.ControllerActionInvoker.InvokeActionResult(ControllerContext controllerContext, ActionResult actionResult)
   在 System.Web.Mvc.ControllerActionInvoker.InvokeActionResultFilterRecursive(IList`1 filters, Int32 filterIndex, ResultExecutingContext preContext, ControllerContext controllerContext, ActionResult actionResult)
   在 System.Web.Mvc.ControllerActionInvoker.InvokeActionResultFilterRecursive(IList`1 filters, Int32 filterIndex, ResultExecutingContext preContext, ControllerContext controllerContext, ActionResult actionResult)
   在 System.Web.Mvc.ControllerActionInvoker.InvokeActionResultFilterRecursive(IList`1 filters, Int32 filterIndex, ResultExecutingContext preContext, ControllerContext controllerContext, ActionResult actionResult)
   在 System.Web.Mvc.ControllerActionInvoker.InvokeActionResultWithFilters(ControllerContext controllerContext, IList`1 filters, ActionResult actionResult)
   在 System.Web.Mvc.Async.AsyncControllerActionInvoker.<>c__DisplayClass21.<>c__DisplayClass2b.<BeginInvokeAction>b__1c()
   在 System.Web.Mvc.Async.AsyncControllerActionInvoker.<>c__DisplayClass21.<BeginInvokeAction>b__1e(IAsyncResult asyncResult)

=== 预绑定状态信息 ===
日志: DisplayName = DoubleX.Applaction.IMS
 (Partial)
警告: 为程序集提供了部分绑定信息:
警告: 程序集名称: DoubleX.Applaction.IMS | 域 ID: 2
警告: 当仅提供程序集显示名称的一部分时，将发生部分绑定。
警告: 这可能导致联编程序加载错误的程序集。
警告: 建议为程序集提供完全指定的文字标识，
警告: 并由简单名称、版本、区域性和公钥标记组成。
警告: 有关此问题的详细信息和常见解决方案，请参见白皮书 http://go.microsoft.com/fwlink/?LinkId=109270。
日志: Appbase = file:///E:/Project/API站点/source/DoubleX/Applaction/DoubleX.Applaction.Apisite/
日志: 初始 PrivatePath = E:\Project\API站点\source\DoubleX\Applaction\DoubleX.Applaction.Apisite\bin
调用程序集: DoubleX.Infrastructure.Utility, Version=1.0.0.0, Culture=neutral, PublicKeyToken=null。
===
日志: 此绑定从 default 加载上下文开始。
日志: 正在使用应用程序配置文件: E:\Project\API站点\source\DoubleX\Applaction\DoubleX.Applaction.Apisite\web.config
日志: 使用主机配置文件: C:\Users\bing.sun\Documents\IISExpress\config\aspnet.config
日志: 使用 C:\Windows\Microsoft.NET\Framework\v4.0.30319\config\machine.config 的计算机配置文件。
日志: 此时没有为引用应用策略(私有、自定义、分部或基于位置的程序集绑定)。
日志: 尝试下载新的 URL file:///C:/Windows/Microsoft.NET/Framework/v4.0.30319/Temporary ASP.NET Files/root/8c9f68a3/e7b990ab/DoubleX.Applaction.IMS.DLL。
日志: 尝试下载新的 URL file:///C:/Windows/Microsoft.NET/Framework/v4.0.30319/Temporary ASP.NET Files/root/8c9f68a3/e7b990ab/DoubleX.Applaction.IMS/DoubleX.Applaction.IMS.DLL。
日志: 尝试下载新的 URL file:///E:/Project/API站点/source/DoubleX/Applaction/DoubleX.Applaction.Apisite/bin/DoubleX.Applaction.IMS.DLL。
日志: 尝试下载新的 URL file:///E:/Project/API站点/source/DoubleX/Applaction/DoubleX.Applaction.Apisite/bin/DoubleX.Applaction.IMS/DoubleX.Applaction.IMS.DLL。
日志: 尝试下载新的 URL file:///C:/Windows/Microsoft.NET/Framework/v4.0.30319/Temporary ASP.NET Files/root/8c9f68a3/e7b990ab/DoubleX.Applaction.IMS.EXE。
日志: 尝试下载新的 URL file:///C:/Windows/Microsoft.NET/Framework/v4.0.30319/Temporary ASP.NET Files/root/8c9f68a3/e7b990ab/DoubleX.Applaction.IMS/DoubleX.Applaction.IMS.EXE。
日志: 尝试下载新的 URL file:///E:/Project/API站点/source/DoubleX/Applaction/DoubleX.Applaction.Apisite/bin/DoubleX.Applaction.IMS.EXE。
日志: 尝试下载新的 URL file:///E:/Project/API站点/source/DoubleX/Applaction/DoubleX.Applaction.Apisite/bin/DoubleX.Applaction.IMS/DoubleX.Applaction.IMS.EXE。
  
 
-------End-------
