
------Start------

  时间：2017-03-15 17:04:59,831   线程ID:[7]   日志级别：INFO   
  [2017-03-15 17:04:59]System.Web.HttpException (0x80004005): “{"AudioData":null,"Code":-901006,"Message":"无效的key"}”不是有效的虚拟路径。
   在 System.Web.Util.UrlPath.CheckValidVirtualPath(String path)
   在 System.Web.Util.UrlPath.Combine(String appPath, String basepath, String relative)
   在 System.Web.VirtualPath.Combine(VirtualPath relativePath)
   在 System.Web.HttpRequest.MapPath(VirtualPath virtualPath, VirtualPath baseVirtualDir, Boolean allowCrossAppMapping)
   在 System.Web.HttpRequest.MapPath(VirtualPath virtualPath)
   在 System.Web.HttpResponse.GetNormalizedFilename(String fn)
   在 System.Web.HttpResponse.TransmitFile(String filename, Int64 offset, Int64 length)
   在 System.Web.HttpResponseWrapper.TransmitFile(String filename)
   在 System.Web.Mvc.FilePathResult.WriteFile(HttpResponseBase response)
   在 System.Web.Mvc.FileResult.ExecuteResult(ControllerContext context)
   在 System.Web.Mvc.ControllerActionInvoker.InvokeActionResult(ControllerContext controllerContext, ActionResult actionResult)
   在 System.Web.Mvc.ControllerActionInvoker.InvokeActionResultFilterRecursive(IList`1 filters, Int32 filterIndex, ResultExecutingContext preContext, ControllerContext controllerContext, ActionResult actionResult)
   在 System.Web.Mvc.ControllerActionInvoker.InvokeActionResultFilterRecursive(IList`1 filters, Int32 filterIndex, ResultExecutingContext preContext, ControllerContext controllerContext, ActionResult actionResult)
   在 System.Web.Mvc.ControllerActionInvoker.InvokeActionResultFilterRecursive(IList`1 filters, Int32 filterIndex, ResultExecutingContext preContext, ControllerContext controllerContext, ActionResult actionResult)
   在 System.Web.Mvc.ControllerActionInvoker.InvokeActionResultWithFilters(ControllerContext controllerContext, IList`1 filters, ActionResult actionResult)
   在 System.Web.Mvc.Async.AsyncControllerActionInvoker.<>c__DisplayClass21.<>c__DisplayClass2b.<BeginInvokeAction>b__1c()
   在 System.Web.Mvc.Async.AsyncControllerActionInvoker.<>c__DisplayClass21.<BeginInvokeAction>b__1e(IAsyncResult asyncResult)  
 
-------End-------

------Start------

  时间：2017-03-15 17:06:51,928   线程ID:[5]   日志级别：INFO   
  [2017-03-15 17:06:51]System.Web.HttpException (0x80004005): “{"AudioData":null,"Code":500,"Message":"百度json speech not found.未能识别，请换成另一种识别平台试试"}”不是有效的虚拟路径。
   在 System.Web.Util.UrlPath.CheckValidVirtualPath(String path)
   在 System.Web.Util.UrlPath.Combine(String appPath, String basepath, String relative)
   在 System.Web.VirtualPath.Combine(VirtualPath relativePath)
   在 System.Web.HttpRequest.MapPath(VirtualPath virtualPath, VirtualPath baseVirtualDir, Boolean allowCrossAppMapping)
   在 System.Web.HttpRequest.MapPath(VirtualPath virtualPath)
   在 System.Web.HttpResponse.GetNormalizedFilename(String fn)
   在 System.Web.HttpResponse.TransmitFile(String filename, Int64 offset, Int64 length)
   在 System.Web.HttpResponseWrapper.TransmitFile(String filename)
   在 System.Web.Mvc.FilePathResult.WriteFile(HttpResponseBase response)
   在 System.Web.Mvc.FileResult.ExecuteResult(ControllerContext context)
   在 System.Web.Mvc.ControllerActionInvoker.InvokeActionResult(ControllerContext controllerContext, ActionResult actionResult)
   在 System.Web.Mvc.ControllerActionInvoker.InvokeActionResultFilterRecursive(IList`1 filters, Int32 filterIndex, ResultExecutingContext preContext, ControllerContext controllerContext, ActionResult actionResult)
   在 System.Web.Mvc.ControllerActionInvoker.InvokeActionResultFilterRecursive(IList`1 filters, Int32 filterIndex, ResultExecutingContext preContext, ControllerContext controllerContext, ActionResult actionResult)
   在 System.Web.Mvc.ControllerActionInvoker.InvokeActionResultFilterRecursive(IList`1 filters, Int32 filterIndex, ResultExecutingContext preContext, ControllerContext controllerContext, ActionResult actionResult)
   在 System.Web.Mvc.ControllerActionInvoker.InvokeActionResultWithFilters(ControllerContext controllerContext, IList`1 filters, ActionResult actionResult)
   在 System.Web.Mvc.Async.AsyncControllerActionInvoker.<>c__DisplayClass21.<>c__DisplayClass2b.<BeginInvokeAction>b__1c()
   在 System.Web.Mvc.Async.AsyncControllerActionInvoker.<>c__DisplayClass21.<BeginInvokeAction>b__1e(IAsyncResult asyncResult)  
 
-------End-------
